<?xml version="1.0" encoding="UTF-8"?>
<!-- Generated by org.testng.reporters.JUnitXMLReporter -->
<testsuite ignored="0" hostname="QUASPC1201" failures="0" tests="14" name="Test" time="165.422" errors="0" timestamp="2022-01-13T18:13:33 IST">
  <testcase classname="qa.mobile.Fields_Page" name="Click" time="2.321"/>
  <testcase classname="qa.mobile.Fields_Page" name="Allow" time="7.217"/>
  <testcase classname="qa.mobile.Fields_Page" name="Username" time="25.028"/>
  <testcase classname="qa.mobile.Fields_Page" name="SignIn" time="16.723"/>
  <testcase classname="qa.mobile.Fields_Page" name="Home" time="11.95"/>
  <testcase classname="qa.mobile.Fields_Page" name="Project" time="26.974"/>
  <testcase classname="qa.mobile.Fields_Page" name="Visiblitiy1" time="22.342"/>
  <testcase classname="qa.mobile.Fields_Page" name="SettingMenu180" time="24.524"/>
  <testcase classname="qa.mobile.Fields_Page" name="RuleValue" time="6.572"/>
  <testcase classname="qa.mobile.Fields_Page" name="IdDrpDwnOfRule" time="4.772"/>
  <testcase classname="qa.mobile.Fields_Page" name="FixedIdValue" time="2.285"/>
  <testcase classname="qa.mobile.Fields_Page" name="NewBtnOfRule" time="2.978"/>
  <testcase classname="qa.mobile.Fields_Page" name="Value7" time="3.146"/>
  <testcase classname="qa.mobile.Fields_Page" name="OkBtnOfRule" time="2.792"/>
</testsuite> <!-- Test -->
